<?xml version="1.0" encoding="UTF-8"?>
<!-- Generated by org.testng.reporters.JUnitReportReporter -->
<testsuite hostname="LAPTOP-DHNB5A7K" failures="0" tests="2" name="LumiraAPIAutomation.GetCall" time="0.105" errors="0" timestamp="2021-04-29T01:42:52 BST" skipped="0">
  <testcase classname="LumiraAPIAutomation.GetCall" name="test_blogCategories" time="0.064"/>
  <system-out/>
  <testcase classname="LumiraAPIAutomation.GetCall" name="test_postsInBlogCategory" time="0.041"/>
  <system-out/>
</testsuite> <!-- LumiraAPIAutomation.GetCall -->
