<?xml version="1.0" encoding="UTF-8"?>
<!-- Generated by org.testng.reporters.JUnitReportReporter -->
<testsuite hostname="LAPTOP-DHNB5A7K" failures="0" tests="1" name="LumiraAPIAutomation.PostCall" time="1.887" errors="0" timestamp="2021-04-29T01:42:52 BST" skipped="0">
  <testcase classname="LumiraAPIAutomation.PostCall" name="test_createBlogCategory" time="1.887"/>
  <system-out/>
</testsuite> <!-- LumiraAPIAutomation.PostCall -->
