<?xml version="1.0" encoding="UTF-8"?>
<!-- Generated by org.testng.reporters.JUnitReportReporter -->
<testsuite hostname="LAPTOP-DHNB5A7K" failures="0" tests="1" name="LumiraAPIAutomation.DeleteCall" time="0.144" errors="0" timestamp="2021-04-29T01:42:52 BST" skipped="0">
  <testcase classname="LumiraAPIAutomation.DeleteCall" name="test_deleteBlogCategory" time="0.144"/>
  <system-out/>
</testsuite> <!-- LumiraAPIAutomation.DeleteCall -->
