<?xml version="1.0" encoding="UTF-8"?>
<!-- Generated by org.testng.reporters.JUnitReportReporter -->
<testsuite hostname="LAPTOP-DHNB5A7K" failures="0" tests="1" name="LumiraAPIAutomation.PutCall" time="0.149" errors="0" timestamp="2021-04-29T01:42:52 BST" skipped="0">
  <testcase classname="LumiraAPIAutomation.PutCall" name="test_UpdateBlogCategory" time="0.149"/>
  <system-out/>
</testsuite> <!-- LumiraAPIAutomation.PutCall -->
